\BOOKMARK [0][-]{chapter.1}{\376\377\0001\000\040\004\020\004\073\004\104\004\060\004\062\004\070\004\102\004\075\004\113\004\071\000\040\004\103\004\072\004\060\004\067\004\060\004\102\004\065\004\073\004\114\000\040\004\072\004\073\004\060\004\101\004\101\004\076\004\062}{}% 1
\BOOKMARK [1][-]{section.1.1}{\376\377\0001\000.\0001\000\040\004\032\004\073\004\060\004\101\004\101\004\113}{chapter.1}% 2
\BOOKMARK [0][-]{chapter.2}{\376\377\0002\000\040\004\041\004\077\004\070\004\101\004\076\004\072\000\040\004\104\004\060\004\071\004\073\004\076\004\062}{}% 3
\BOOKMARK [1][-]{section.2.1}{\376\377\0002\000.\0001\000\040\004\044\004\060\004\071\004\073\004\113}{chapter.2}% 4
\BOOKMARK [0][-]{chapter.3}{\376\377\0003\000\040\004\032\004\073\004\060\004\101\004\101\004\113}{}% 5
\BOOKMARK [1][-]{section.3.1}{\376\377\0003\000.\0001\000\040\004\032\004\073\004\060\004\101\004\101\000\040\000C\000h\000i\000l\000d}{chapter.3}% 6
\BOOKMARK [2][-]{subsection.3.1.1}{\376\377\0003\000.\0001\000.\0001\000\040\004\032\004\076\004\075\004\101\004\102\004\100\004\103\004\072\004\102\004\076\004\100\000\050\004\113\000\051}{section.3.1}% 7
\BOOKMARK [3][-]{subsubsection.3.1.1.1}{\376\377\0003\000.\0001\000.\0001\000.\0001\000\040\000C\000h\000i\000l\000d\000\050\000\051}{subsection.3.1.1}% 8
\BOOKMARK [2][-]{subsection.3.1.2}{\376\377\0003\000.\0001\000.\0002\000\040\004\024\004\076\004\072\004\103\004\074\004\065\004\075\004\102\004\060\004\106\004\070\004\117\000\040\004\077\004\076\000\040\004\064\004\100\004\103\004\067\004\114\004\117\004\074\000\040\004\072\004\073\004\060\004\101\004\101\004\060\000\040\004\070\000\040\004\104\004\103\004\075\004\072\004\106\004\070\004\117\004\074\000,\000\040\004\076\004\102\004\075\004\076\004\101\004\117\004\111\004\070\004\074\004\101\004\117\000\040\004\072\000\040\004\072\004\073\004\060\004\101\004\101\004\103}{section.3.1}% 9
\BOOKMARK [3][-]{subsubsection.3.1.2.1}{\376\377\0003\000.\0001\000.\0002\000.\0001\000\040\000o\000p\000e\000r\000a\000t\000o\000r\000<}{subsection.3.1.2}% 10
\BOOKMARK [3][-]{subsubsection.3.1.2.2}{\376\377\0003\000.\0001\000.\0002\000.\0002\000\040\000o\000p\000e\000r\000a\000t\000o\000r\000<\000<}{subsection.3.1.2}% 11
\BOOKMARK [3][-]{subsubsection.3.1.2.3}{\376\377\0003\000.\0001\000.\0002\000.\0003\000\040\000o\000p\000e\000r\000a\000t\000o\000r\000<\000=}{subsection.3.1.2}% 12
\BOOKMARK [3][-]{subsubsection.3.1.2.4}{\376\377\0003\000.\0001\000.\0002\000.\0004\000\040\000o\000p\000e\000r\000a\000t\000o\000r\000=\000=}{subsection.3.1.2}% 13
\BOOKMARK [3][-]{subsubsection.3.1.2.5}{\376\377\0003\000.\0001\000.\0002\000.\0005\000\040\000o\000p\000e\000r\000a\000t\000o\000r\000>}{subsection.3.1.2}% 14
\BOOKMARK [3][-]{subsubsection.3.1.2.6}{\376\377\0003\000.\0001\000.\0002\000.\0006\000\040\000o\000p\000e\000r\000a\000t\000o\000r\000>\000=}{subsection.3.1.2}% 15
\BOOKMARK [2][-]{subsection.3.1.3}{\376\377\0003\000.\0001\000.\0003\000\040\004\024\004\060\004\075\004\075\004\113\004\065\000\040\004\072\004\073\004\060\004\101\004\101\004\060}{section.3.1}% 16
\BOOKMARK [3][-]{subsubsection.3.1.3.1}{\376\377\0003\000.\0001\000.\0003\000.\0001\000\040\000d\000a\000t\000e}{subsection.3.1.3}% 17
\BOOKMARK [3][-]{subsubsection.3.1.3.2}{\376\377\0003\000.\0001\000.\0003\000.\0002\000\040\000h\000a\000s\000h}{subsection.3.1.3}% 18
\BOOKMARK [3][-]{subsubsection.3.1.3.3}{\376\377\0003\000.\0001\000.\0003\000.\0003\000\040\000h\000a\000s\000h\000F\000u\000n\000c}{subsection.3.1.3}% 19
\BOOKMARK [3][-]{subsubsection.3.1.3.4}{\376\377\0003\000.\0001\000.\0003\000.\0004\000\040\000n\000a\000m\000e}{subsection.3.1.3}% 20
\BOOKMARK [3][-]{subsubsection.3.1.3.5}{\376\377\0003\000.\0001\000.\0003\000.\0005\000\040\000s\000h\000i\000f\000t}{subsection.3.1.3}% 21
\BOOKMARK [3][-]{subsubsection.3.1.3.6}{\376\377\0003\000.\0001\000.\0003\000.\0006\000\040\000s\000q\000u\000a\000d}{subsection.3.1.3}% 22
\BOOKMARK [3][-]{subsubsection.3.1.3.7}{\376\377\0003\000.\0001\000.\0003\000.\0007\000\040\000y\000e\000a\000r}{subsection.3.1.3}% 23
\BOOKMARK [1][-]{section.3.2}{\376\377\0003\000.\0002\000\040\004\041\004\102\004\100\004\103\004\072\004\102\004\103\004\100\004\060\000\040\000H\000a\000s\000h\000I\000t\000e\000m}{chapter.3}% 24
\BOOKMARK [2][-]{subsection.3.2.1}{\376\377\0003\000.\0002\000.\0001\000\040\004\024\004\060\004\075\004\075\004\113\004\065\000\040\004\072\004\073\004\060\004\101\004\101\004\060}{section.3.2}% 25
\BOOKMARK [3][-]{subsubsection.3.2.1.1}{\376\377\0003\000.\0002\000.\0001\000.\0001\000\040\000v\000a\000l\000u\000e\000s}{subsection.3.2.1}% 26
\BOOKMARK [1][-]{section.3.3}{\376\377\0003\000.\0003\000\040\004\032\004\073\004\060\004\101\004\101\000\040\000H\000a\000s\000h\000T\000a\000b\000l\000e}{chapter.3}% 27
\BOOKMARK [2][-]{subsection.3.3.1}{\376\377\0003\000.\0003\000.\0001\000\040\004\032\004\076\004\075\004\101\004\102\004\100\004\103\004\072\004\102\004\076\004\100\000\050\004\113\000\051}{section.3.3}% 28
\BOOKMARK [3][-]{subsubsection.3.3.1.1}{\376\377\0003\000.\0003\000.\0001\000.\0001\000\040\000H\000a\000s\000h\000T\000a\000b\000l\000e\000\050\000\051}{subsection.3.3.1}% 29
\BOOKMARK [2][-]{subsection.3.3.2}{\376\377\0003\000.\0003\000.\0002\000\040\004\034\004\065\004\102\004\076\004\064\004\113}{section.3.3}% 30
\BOOKMARK [3][-]{subsubsection.3.3.2.1}{\376\377\0003\000.\0003\000.\0002\000.\0001\000\040\000c\000l\000e\000a\000r\000\050\000\051}{subsection.3.3.2}% 31
\BOOKMARK [3][-]{subsubsection.3.3.2.2}{\376\377\0003\000.\0003\000.\0002\000.\0002\000\040\000f\000i\000n\000d\000\050\000\051}{subsection.3.3.2}% 32
\BOOKMARK [3][-]{subsubsection.3.3.2.3}{\376\377\0003\000.\0003\000.\0002\000.\0003\000\040\000g\000e\000t\000C\000o\000l\000l\000i\000s\000i\000o\000n\000s\000\050\000\051}{subsection.3.3.2}% 33
\BOOKMARK [3][-]{subsubsection.3.3.2.4}{\376\377\0003\000.\0003\000.\0002\000.\0004\000\040\000i\000n\000s\000e\000r\000t\000\050\000\051}{subsection.3.3.2}% 34
\BOOKMARK [0][-]{chapter.4}{\376\377\0004\000\040\004\044\004\060\004\071\004\073\004\113}{}% 35
\BOOKMARK [1][-]{section.4.1}{\376\377\0004\000.\0001\000\040\004\044\004\060\004\071\004\073\000\040\000c\000h\000i\000l\000d\000.\000c\000p\000p}{chapter.4}% 36
\BOOKMARK [2][-]{subsection.4.1.1}{\376\377\0004\000.\0001\000.\0001\000\040\004\044\004\103\004\075\004\072\004\106\004\070\004\070}{section.4.1}% 37
\BOOKMARK [3][-]{subsubsection.4.1.1.1}{\376\377\0004\000.\0001\000.\0001\000.\0001\000\040\000o\000p\000e\000r\000a\000t\000o\000r\000<\000\050\000\051}{subsection.4.1.1}% 38
\BOOKMARK [3][-]{subsubsection.4.1.1.2}{\376\377\0004\000.\0001\000.\0001\000.\0002\000\040\000o\000p\000e\000r\000a\000t\000o\000r\000<\000<\000\050\000\051}{subsection.4.1.1}% 39
\BOOKMARK [3][-]{subsubsection.4.1.1.3}{\376\377\0004\000.\0001\000.\0001\000.\0003\000\040\000o\000p\000e\000r\000a\000t\000o\000r\000<\000=\000\050\000\051}{subsection.4.1.1}% 40
\BOOKMARK [3][-]{subsubsection.4.1.1.4}{\376\377\0004\000.\0001\000.\0001\000.\0004\000\040\000o\000p\000e\000r\000a\000t\000o\000r\000=\000=\000\050\000\051}{subsection.4.1.1}% 41
\BOOKMARK [3][-]{subsubsection.4.1.1.5}{\376\377\0004\000.\0001\000.\0001\000.\0005\000\040\000o\000p\000e\000r\000a\000t\000o\000r\000>\000\050\000\051}{subsection.4.1.1}% 42
\BOOKMARK [3][-]{subsubsection.4.1.1.6}{\376\377\0004\000.\0001\000.\0001\000.\0006\000\040\000o\000p\000e\000r\000a\000t\000o\000r\000>\000=\000\050\000\051}{subsection.4.1.1}% 43
\BOOKMARK [1][-]{section.4.2}{\376\377\0004\000.\0002\000\040\004\044\004\060\004\071\004\073\000\040\000c\000h\000i\000l\000d\000.\000h}{chapter.4}% 44
\BOOKMARK [1][-]{section.4.3}{\376\377\0004\000.\0003\000\040\000c\000h\000i\000l\000d\000.\000h}{chapter.4}% 45
\BOOKMARK [1][-]{section.4.4}{\376\377\0004\000.\0004\000\040\004\044\004\060\004\071\004\073\000\040\000f\000i\000l\000e\000s\000.\000h\000p\000p}{chapter.4}% 46
\BOOKMARK [2][-]{subsection.4.4.1}{\376\377\0004\000.\0004\000.\0001\000\040\004\044\004\103\004\075\004\072\004\106\004\070\004\070}{section.4.4}% 47
\BOOKMARK [3][-]{subsubsection.4.4.1.1}{\376\377\0004\000.\0004\000.\0001\000.\0001\000\040\000c\000r\000e\000a\000t\000e\000I\000n\000f\000o\000\050\000\051}{subsection.4.4.1}% 48
\BOOKMARK [3][-]{subsubsection.4.4.1.2}{\376\377\0004\000.\0004\000.\0001\000.\0002\000\040\000f\000o\000u\000t\000\050\000\051}{subsection.4.4.1}% 49
\BOOKMARK [3][-]{subsubsection.4.4.1.3}{\376\377\0004\000.\0004\000.\0001\000.\0003\000\040\000r\000a\000n\000d\000o\000m\000D\000a\000t\000e\000\050\000\051}{subsection.4.4.1}% 50
\BOOKMARK [3][-]{subsubsection.4.4.1.4}{\376\377\0004\000.\0004\000.\0001\000.\0004\000\040\000r\000a\000n\000d\000o\000m\000S\000t\000r\000i\000n\000g\000\050\000\051}{subsection.4.4.1}% 51
\BOOKMARK [3][-]{subsubsection.4.4.1.5}{\376\377\0004\000.\0004\000.\0001\000.\0005\000\040\000r\000e\000a\000d\000I\000n\000f\000o\000\050\000\051}{subsection.4.4.1}% 52
\BOOKMARK [3][-]{subsubsection.4.4.1.6}{\376\377\0004\000.\0004\000.\0001\000.\0006\000\040\000w\000r\000i\000t\000e\000R\000e\000s\000u\000l\000t\000\050\000\051}{subsection.4.4.1}% 53
\BOOKMARK [3][-]{subsubsection.4.4.1.7}{\376\377\0004\000.\0004\000.\0001\000.\0007\000\040\000w\000r\000i\000t\000e\000T\000i\000m\000e\000\050\000\051}{subsection.4.4.1}% 54
\BOOKMARK [2][-]{subsection.4.4.2}{\376\377\0004\000.\0004\000.\0002\000\040\004\037\004\065\004\100\004\065\004\074\004\065\004\075\004\075\004\113\004\065}{section.4.4}% 55
\BOOKMARK [3][-]{subsubsection.4.4.2.1}{\376\377\0004\000.\0004\000.\0002\000.\0001\000\040\000i\000n\000f\000o}{subsection.4.4.2}% 56
\BOOKMARK [3][-]{subsubsection.4.4.2.2}{\376\377\0004\000.\0004\000.\0002\000.\0002\000\040\000r\000e\000s\000u\000l\000t\000F\000i\000l\000e}{subsection.4.4.2}% 57
\BOOKMARK [3][-]{subsubsection.4.4.2.3}{\376\377\0004\000.\0004\000.\0002\000.\0003\000\040\000s\000i\000z\000e\000s}{subsection.4.4.2}% 58
\BOOKMARK [3][-]{subsubsection.4.4.2.4}{\376\377\0004\000.\0004\000.\0002\000.\0004\000\040\000s\000i\000z\000e\000s\000N\000u\000m}{subsection.4.4.2}% 59
\BOOKMARK [3][-]{subsubsection.4.4.2.5}{\376\377\0004\000.\0004\000.\0002\000.\0005\000\040\000t\000i\000m\000e\000s\000F\000i\000l\000e}{subsection.4.4.2}% 60
\BOOKMARK [1][-]{section.4.5}{\376\377\0004\000.\0005\000\040\000f\000i\000l\000e\000s\000.\000h\000p\000p}{chapter.4}% 61
\BOOKMARK [1][-]{section.4.6}{\376\377\0004\000.\0006\000\040\004\044\004\060\004\071\004\073\000\040\000h\000a\000s\000h\000.\000h\000p\000p}{chapter.4}% 62
\BOOKMARK [2][-]{subsection.4.6.1}{\376\377\0004\000.\0006\000.\0001\000\040\004\044\004\103\004\075\004\072\004\106\004\070\004\070}{section.4.6}% 63
\BOOKMARK [3][-]{subsubsection.4.6.1.1}{\376\377\0004\000.\0006\000.\0001\000.\0001\000\040\000c\000o\000m\000p\000l\000i\000c\000a\000t\000e\000d\000H\000a\000s\000h\000\050\000\051}{subsection.4.6.1}% 64
\BOOKMARK [3][-]{subsubsection.4.6.1.2}{\376\377\0004\000.\0006\000.\0001\000.\0002\000\040\000n\000a\000i\000v\000e\000H\000a\000s\000h\000\050\000\051}{subsection.4.6.1}% 65
\BOOKMARK [3][-]{subsubsection.4.6.1.3}{\376\377\0004\000.\0006\000.\0001\000.\0003\000\040\000p\000\137\000p\000o\000w\000s\000\050\000\051}{subsection.4.6.1}% 66
\BOOKMARK [2][-]{subsection.4.6.2}{\376\377\0004\000.\0006\000.\0002\000\040\004\037\004\065\004\100\004\065\004\074\004\065\004\075\004\075\004\113\004\065}{section.4.6}% 67
\BOOKMARK [3][-]{subsubsection.4.6.2.1}{\376\377\0004\000.\0006\000.\0002\000.\0001\000\040\000h\000a\000s\000h\000D\000i\000m\000s}{subsection.4.6.2}% 68
\BOOKMARK [1][-]{section.4.7}{\376\377\0004\000.\0007\000\040\000h\000a\000s\000h\000.\000h\000p\000p}{chapter.4}% 69
\BOOKMARK [1][-]{section.4.8}{\376\377\0004\000.\0008\000\040\004\044\004\060\004\071\004\073\000\040\000m\000a\000i\000n\000.\000c\000p\000p}{chapter.4}% 70
\BOOKMARK [2][-]{subsection.4.8.1}{\376\377\0004\000.\0008\000.\0001\000\040\004\044\004\103\004\075\004\072\004\106\004\070\004\070}{section.4.8}% 71
\BOOKMARK [3][-]{subsubsection.4.8.1.1}{\376\377\0004\000.\0008\000.\0001\000.\0001\000\040\000m\000a\000i\000n\000\050\000\051}{subsection.4.8.1}% 72
\BOOKMARK [1][-]{section.4.9}{\376\377\0004\000.\0009\000\040\004\044\004\060\004\071\004\073\000\040\000s\000e\000a\000r\000c\000h\000.\000c\000p\000p}{chapter.4}% 73
\BOOKMARK [2][-]{subsection.4.9.1}{\376\377\0004\000.\0009\000.\0001\000\040\004\044\004\103\004\075\004\072\004\106\004\070\004\070}{section.4.9}% 74
\BOOKMARK [3][-]{subsubsection.4.9.1.1}{\376\377\0004\000.\0009\000.\0001\000.\0001\000\040\000b\000i\000n\000a\000r\000y\000S\000e\000a\000r\000c\000h\000\050\000\051}{subsection.4.9.1}% 75
\BOOKMARK [3][-]{subsubsection.4.9.1.2}{\376\377\0004\000.\0009\000.\0001\000.\0002\000\040\000g\000e\000t\000L\000o\000w\000e\000r\000B\000o\000u\000n\000d\000\050\000\051}{subsection.4.9.1}% 76
\BOOKMARK [3][-]{subsubsection.4.9.1.3}{\376\377\0004\000.\0009\000.\0001\000.\0003\000\040\000g\000e\000t\000U\000p\000p\000e\000r\000B\000o\000u\000n\000d\000\050\000\051}{subsection.4.9.1}% 77
\BOOKMARK [3][-]{subsubsection.4.9.1.4}{\376\377\0004\000.\0009\000.\0001\000.\0004\000\040\000l\000i\000n\000e\000a\000r\000S\000e\000a\000r\000c\000h\000\050\000\051}{subsection.4.9.1}% 78
\BOOKMARK [1][-]{section.4.10}{\376\377\0004\000.\0001\0000\000\040\004\044\004\060\004\071\004\073\000\040\000s\000e\000a\000r\000c\000h\000.\000h}{chapter.4}% 79
\BOOKMARK [2][-]{subsection.4.10.1}{\376\377\0004\000.\0001\0000\000.\0001\000\040\004\044\004\103\004\075\004\072\004\106\004\070\004\070}{section.4.10}% 80
\BOOKMARK [3][-]{subsubsection.4.10.1.1}{\376\377\0004\000.\0001\0000\000.\0001\000.\0001\000\040\000b\000i\000n\000a\000r\000y\000S\000e\000a\000r\000c\000h\000\050\000\051}{subsection.4.10.1}% 81
\BOOKMARK [3][-]{subsubsection.4.10.1.2}{\376\377\0004\000.\0001\0000\000.\0001\000.\0002\000\040\000g\000e\000t\000L\000o\000w\000e\000r\000B\000o\000u\000n\000d\000\050\000\051}{subsection.4.10.1}% 82
\BOOKMARK [3][-]{subsubsection.4.10.1.3}{\376\377\0004\000.\0001\0000\000.\0001\000.\0003\000\040\000g\000e\000t\000U\000p\000p\000e\000r\000B\000o\000u\000n\000d\000\050\000\051}{subsection.4.10.1}% 83
\BOOKMARK [3][-]{subsubsection.4.10.1.4}{\376\377\0004\000.\0001\0000\000.\0001\000.\0004\000\040\000l\000i\000n\000e\000a\000r\000S\000e\000a\000r\000c\000h\000\050\000\051}{subsection.4.10.1}% 84
\BOOKMARK [1][-]{section.4.11}{\376\377\0004\000.\0001\0001\000\040\000s\000e\000a\000r\000c\000h\000.\000h}{chapter.4}% 85
\BOOKMARK [1][-]{section.4.12}{\376\377\0004\000.\0001\0002\000\040\004\044\004\060\004\071\004\073\000\040\000s\000o\000r\000t\000s\000.\000c\000p\000p}{chapter.4}% 86
\BOOKMARK [2][-]{subsection.4.12.1}{\376\377\0004\000.\0001\0002\000.\0001\000\040\004\044\004\103\004\075\004\072\004\106\004\070\004\070}{section.4.12}% 87
\BOOKMARK [3][-]{subsubsection.4.12.1.1}{\376\377\0004\000.\0001\0002\000.\0001\000.\0001\000\040\000i\000n\000s\000e\000r\000t\000S\000o\000r\000t\000\050\000\051}{subsection.4.12.1}% 88
\BOOKMARK [3][-]{subsubsection.4.12.1.2}{\376\377\0004\000.\0001\0002\000.\0001\000.\0002\000\040\000s\000e\000l\000e\000c\000t\000S\000o\000r\000t\000\050\000\051}{subsection.4.12.1}% 89
\BOOKMARK [3][-]{subsubsection.4.12.1.3}{\376\377\0004\000.\0001\0002\000.\0001\000.\0003\000\040\000s\000h\000a\000k\000e\000r\000S\000o\000r\000t\000\050\000\051}{subsection.4.12.1}% 90
\BOOKMARK [1][-]{section.4.13}{\376\377\0004\000.\0001\0003\000\040\004\044\004\060\004\071\004\073\000\040\000s\000o\000r\000t\000s\000.\000h}{chapter.4}% 91
\BOOKMARK [2][-]{subsection.4.13.1}{\376\377\0004\000.\0001\0003\000.\0001\000\040\004\044\004\103\004\075\004\072\004\106\004\070\004\070}{section.4.13}% 92
\BOOKMARK [3][-]{subsubsection.4.13.1.1}{\376\377\0004\000.\0001\0003\000.\0001\000.\0001\000\040\000i\000n\000s\000e\000r\000t\000S\000o\000r\000t\000\050\000\051}{subsection.4.13.1}% 93
\BOOKMARK [3][-]{subsubsection.4.13.1.2}{\376\377\0004\000.\0001\0003\000.\0001\000.\0002\000\040\000s\000e\000l\000e\000c\000t\000S\000o\000r\000t\000\050\000\051}{subsection.4.13.1}% 94
\BOOKMARK [3][-]{subsubsection.4.13.1.3}{\376\377\0004\000.\0001\0003\000.\0001\000.\0003\000\040\000s\000h\000a\000k\000e\000r\000S\000o\000r\000t\000\050\000\051}{subsection.4.13.1}% 95
\BOOKMARK [1][-]{section.4.14}{\376\377\0004\000.\0001\0004\000\040\000s\000o\000r\000t\000s\000.\000h}{chapter.4}% 96
\BOOKMARK [0][-]{chapter.5}{\376\377\0005\000\040\004\041\004\101\004\113\004\073\004\072\004\060\000\040\004\075\004\060\000\040\004\100\004\065\004\077\004\076\004\067\004\070\004\102\004\076\004\100\004\070\004\071}{}% 97
\BOOKMARK [0][-]{chapter.6}{\376\377\0006\000\040\004\023\004\100\004\060\004\104\004\070\004\072\004\070}{}% 98
